

*******************************************************************************
Wed Feb 21 00:20:02 2018


FIT:    data read from "data.txt"
        format = z
        #datapoints = 21
        residuals are weighted equally (unit weight)

function used for fitting: y(x)
fitted parameters and initial values from file: guess.txt



 Iteration 0
 WSSR        : 132488            delta(WSSR)/WSSR   : 0
 delta(WSSR) : 0                 limit for stopping : 1e-05
 lambda	  : 15.9986

initial set of free parameter values

a               = 1
b               = 1
c               = 1
d               = 1
e               = 1
f               = 1
g               = 1
h               = 1

After 9 iterations the fit converged.
final sum of squares of residuals : 8.0518e-19
rel. change during last iteration : -6.13986e-07

degrees of freedom    (FIT_NDF)                        : 13
rms of residuals      (FIT_STDFIT) = sqrt(WSSR/ndf)    : 2.48871e-10
variance of residuals (reduced chisquare) = WSSR/ndf   : 6.1937e-20

Final set of parameters            Asymptotic Standard Error
=======================            ==========================

a               = 1                +/- 2.438e-10    (2.438e-08%)
b               = 1                +/- 5.251e-09    (5.251e-07%)
c               = 0.1              +/- 3.455e-08    (3.455e-05%)
d               = 0.01             +/- 9.459e-08    (0.0009459%)
e               = 0.000999968      +/- 1.288e-07    (0.01289%)
f               = 0.000100028      +/- 9.222e-08    (0.0922%)
g               = 9.9878e-06       +/- 3.318e-08    (0.3322%)
h               = 1.002e-06        +/- 4.728e-09    (0.4718%)


correlation matrix of the fit parameters:

               a      b      c      d      e      f      g      h      
a               1.000 
b              -0.641  1.000 
c               0.451 -0.953  1.000 
d              -0.359  0.889 -0.984  1.000 
e               0.304 -0.831  0.953 -0.992  1.000 
f              -0.267  0.782 -0.920  0.974 -0.995  1.000 
g               0.241 -0.741  0.888 -0.952  0.983 -0.997  1.000 
h              -0.221  0.706 -0.858  0.930 -0.968  0.988 -0.997  1.000 


*******************************************************************************
Wed Feb 21 00:32:37 2018


FIT:    data read from "data.txt"
        format = z
        #datapoints = 10
        residuals are weighted equally (unit weight)

function used for fitting: y(x)
fitted parameters and initial values from file: guess.txt



 Iteration 0
 WSSR        : 3.86424e+07       delta(WSSR)/WSSR   : 0
 delta(WSSR) : 0                 limit for stopping : 1e-05
 lambda	  : 1115.61

initial set of free parameter values

a               = 1
b               = 1
c               = 1

After 7 iterations the fit converged.
final sum of squares of residuals : 2.60418e-06
rel. change during last iteration : -5.1049e-08

degrees of freedom    (FIT_NDF)                        : 7
rms of residuals      (FIT_STDFIT) = sqrt(WSSR/ndf)    : 0.000609939
variance of residuals (reduced chisquare) = WSSR/ndf   : 3.72026e-07

Final set of parameters            Asymptotic Standard Error
=======================            ==========================

a               = -0.000519605     +/- 0.0005011    (96.45%)
b               = 9.43014e-05      +/- 3.311e-05    (35.11%)
c               = 2.17606e-06      +/- 4.436e-07    (20.39%)


correlation matrix of the fit parameters:

               a      b      c      
a               1.000 
b              -0.866  1.000 
c               0.735 -0.956  1.000 


*******************************************************************************
Wed Feb 21 00:34:48 2018


FIT:    data read from "data.txt"
        format = z
        #datapoints = 10
        residuals are weighted equally (unit weight)

function used for fitting: y(x)
fitted parameters and initial values from file: guess.txt



 Iteration 0
 WSSR        : 1.383e+07         delta(WSSR)/WSSR   : 0
 delta(WSSR) : 0                 limit for stopping : 1e-05
 lambda	  : 1115.61

initial set of free parameter values

a               = 0.4
b               = 0.5
c               = 0.6

After 7 iterations the fit converged.
final sum of squares of residuals : 2.60418e-06
rel. change during last iteration : -7.94083e-09

degrees of freedom    (FIT_NDF)                        : 7
rms of residuals      (FIT_STDFIT) = sqrt(WSSR/ndf)    : 0.000609939
variance of residuals (reduced chisquare) = WSSR/ndf   : 3.72026e-07

Final set of parameters            Asymptotic Standard Error
=======================            ==========================

a               = -0.000519605     +/- 0.0005011    (96.45%)
b               = 9.43014e-05      +/- 3.311e-05    (35.11%)
c               = 2.17606e-06      +/- 4.436e-07    (20.39%)


correlation matrix of the fit parameters:

               a      b      c      
a               1.000 
b              -0.866  1.000 
c               0.735 -0.956  1.000 


*******************************************************************************
Wed Feb 21 00:38:42 2018


FIT:    data read from "data.txt"
        format = z
        #datapoints = 10
        residuals are weighted equally (unit weight)

function used for fitting: y(x)
fitted parameters and initial values from file: guess.txt



 Iteration 0
 WSSR        : 5.24652e+07       delta(WSSR)/WSSR   : 0
 delta(WSSR) : 0                 limit for stopping : 1e-05
 lambda	  : 2177.97

initial set of free parameter values

a               = 0.4
b               = 0.5
c               = 0.6

After 7 iterations the fit converged.
final sum of squares of residuals : 1.30697e-05
rel. change during last iteration : -4.03631e-06

degrees of freedom    (FIT_NDF)                        : 7
rms of residuals      (FIT_STDFIT) = sqrt(WSSR/ndf)    : 0.00136642
variance of residuals (reduced chisquare) = WSSR/ndf   : 1.8671e-06

Final set of parameters            Asymptotic Standard Error
=======================            ==========================

a               = -0.000621005     +/- 0.001398     (225.2%)
b               = 0.000113083      +/- 6.878e-05    (60.82%)
c               = 1.92492e-06      +/- 7.566e-07    (39.31%)


correlation matrix of the fit parameters:

               a      b      c      
a               1.000 
b              -0.848  1.000 
c               0.707 -0.966  1.000 


*******************************************************************************
Wed Feb 21 00:41:24 2018


FIT:    data read from "data.txt"
        format = z
        #datapoints = 10
        residuals are weighted equally (unit weight)

function used for fitting: y(x)
fitted parameters and initial values from file: guess.txt



 Iteration 0
 WSSR        : 5.24652e+07       delta(WSSR)/WSSR   : 0
 delta(WSSR) : 0                 limit for stopping : 1e-05
 lambda	  : 2177.97

initial set of free parameter values

a               = 0.4
b               = 0.5
c               = 0.6

After 7 iterations the fit converged.
final sum of squares of residuals : 1.30697e-05
rel. change during last iteration : -4.03631e-06

degrees of freedom    (FIT_NDF)                        : 7
rms of residuals      (FIT_STDFIT) = sqrt(WSSR/ndf)    : 0.00136642
variance of residuals (reduced chisquare) = WSSR/ndf   : 1.8671e-06

Final set of parameters            Asymptotic Standard Error
=======================            ==========================

a               = -0.000621005     +/- 0.001398     (225.2%)
b               = 0.000113083      +/- 6.878e-05    (60.82%)
c               = 1.92492e-06      +/- 7.566e-07    (39.31%)


correlation matrix of the fit parameters:

               a      b      c      
a               1.000 
b              -0.848  1.000 
c               0.707 -0.966  1.000 
